mode: set
github.com/p3rfect05/go_proj/internal/render/render.go:20.40,22.2 1 1
github.com/p3rfect05/go_proj/internal/render/render.go:24.84,30.2 5 1
github.com/p3rfect05/go_proj/internal/render/render.go:31.105,35.18 2 1
github.com/p3rfect05/go_proj/internal/render/render.go:35.18,37.3 1 1
github.com/p3rfect05/go_proj/internal/render/render.go:37.8,39.3 1 1
github.com/p3rfect05/go_proj/internal/render/render.go:42.2,44.9 2 1
github.com/p3rfect05/go_proj/internal/render/render.go:44.9,47.3 1 1
github.com/p3rfect05/go_proj/internal/render/render.go:48.2,52.16 5 1
github.com/p3rfect05/go_proj/internal/render/render.go:52.16,55.3 2 0
github.com/p3rfect05/go_proj/internal/render/render.go:56.2,56.12 1 1
github.com/p3rfect05/go_proj/internal/render/render.go:60.67,66.16 3 1
github.com/p3rfect05/go_proj/internal/render/render.go:66.16,68.3 1 0
github.com/p3rfect05/go_proj/internal/render/render.go:70.2,70.29 1 1
github.com/p3rfect05/go_proj/internal/render/render.go:70.29,74.17 3 1
github.com/p3rfect05/go_proj/internal/render/render.go:74.17,76.4 1 0
github.com/p3rfect05/go_proj/internal/render/render.go:78.3,80.17 2 1
github.com/p3rfect05/go_proj/internal/render/render.go:80.17,82.4 1 0
github.com/p3rfect05/go_proj/internal/render/render.go:84.3,84.23 1 1
github.com/p3rfect05/go_proj/internal/render/render.go:84.23,86.18 2 1
github.com/p3rfect05/go_proj/internal/render/render.go:86.18,88.5 1 0
github.com/p3rfect05/go_proj/internal/render/render.go:90.3,90.21 1 1
github.com/p3rfect05/go_proj/internal/render/render.go:92.2,92.21 1 1
