mode: set
github.com/p3rfect05/go_proj/internal/forms/errors.go:6.44,9.2 1 1
github.com/p3rfect05/go_proj/internal/forms/errors.go:12.42,14.18 2 0
github.com/p3rfect05/go_proj/internal/forms/errors.go:14.18,16.3 1 0
github.com/p3rfect05/go_proj/internal/forms/errors.go:17.2,17.14 1 0
github.com/p3rfect05/go_proj/internal/forms/forms.go:17.29,19.2 1 1
github.com/p3rfect05/go_proj/internal/forms/forms.go:22.33,27.2 1 1
github.com/p3rfect05/go_proj/internal/forms/forms.go:30.43,31.31 1 1
github.com/p3rfect05/go_proj/internal/forms/forms.go:31.31,33.37 2 1
github.com/p3rfect05/go_proj/internal/forms/forms.go:33.37,35.4 1 1
github.com/p3rfect05/go_proj/internal/forms/forms.go:40.39,42.13 2 1
github.com/p3rfect05/go_proj/internal/forms/forms.go:42.13,45.3 2 1
github.com/p3rfect05/go_proj/internal/forms/forms.go:46.2,46.13 1 1
github.com/p3rfect05/go_proj/internal/forms/forms.go:50.57,52.21 2 1
github.com/p3rfect05/go_proj/internal/forms/forms.go:52.21,55.3 2 1
github.com/p3rfect05/go_proj/internal/forms/forms.go:56.2,56.13 1 1
github.com/p3rfect05/go_proj/internal/forms/forms.go:60.43,61.40 1 1
github.com/p3rfect05/go_proj/internal/forms/forms.go:61.40,64.3 2 1
github.com/p3rfect05/go_proj/internal/forms/forms.go:65.2,65.13 1 1
