mode: set
github.com/p3rfect05/go_proj/internal/handlers/handlers.go:34.62,39.2 1 0
github.com/p3rfect05/go_proj/internal/handlers/handlers.go:41.51,46.2 1 1
github.com/p3rfect05/go_proj/internal/handlers/handlers.go:49.33,51.2 1 1
github.com/p3rfect05/go_proj/internal/handlers/handlers.go:53.67,55.2 1 1
github.com/p3rfect05/go_proj/internal/handlers/handlers.go:56.68,60.2 1 1
github.com/p3rfect05/go_proj/internal/handlers/handlers.go:63.74,65.9 2 1
github.com/p3rfect05/go_proj/internal/handlers/handlers.go:65.9,69.3 3 1
github.com/p3rfect05/go_proj/internal/handlers/handlers.go:71.2,72.16 2 1
github.com/p3rfect05/go_proj/internal/handlers/handlers.go:72.16,76.3 3 1
github.com/p3rfect05/go_proj/internal/handlers/handlers.go:77.2,93.4 10 1
github.com/p3rfect05/go_proj/internal/handlers/handlers.go:97.78,99.9 2 0
github.com/p3rfect05/go_proj/internal/handlers/handlers.go:99.9,102.3 2 0
github.com/p3rfect05/go_proj/internal/handlers/handlers.go:103.2,104.16 2 0
github.com/p3rfect05/go_proj/internal/handlers/handlers.go:104.16,107.3 2 0
github.com/p3rfect05/go_proj/internal/handlers/handlers.go:109.2,119.19 9 0
github.com/p3rfect05/go_proj/internal/handlers/handlers.go:119.19,127.3 4 0
github.com/p3rfect05/go_proj/internal/handlers/handlers.go:128.2,129.16 2 0
github.com/p3rfect05/go_proj/internal/handlers/handlers.go:129.16,131.3 1 0
github.com/p3rfect05/go_proj/internal/handlers/handlers.go:133.2,142.16 3 0
github.com/p3rfect05/go_proj/internal/handlers/handlers.go:142.16,145.3 2 0
github.com/p3rfect05/go_proj/internal/handlers/handlers.go:147.2,148.66 2 0
github.com/p3rfect05/go_proj/internal/handlers/handlers.go:152.71,154.2 1 1
github.com/p3rfect05/go_proj/internal/handlers/handlers.go:157.69,159.2 1 1
github.com/p3rfect05/go_proj/internal/handlers/handlers.go:162.75,164.2 1 1
github.com/p3rfect05/go_proj/internal/handlers/handlers.go:167.79,172.16 5 0
github.com/p3rfect05/go_proj/internal/handlers/handlers.go:172.16,175.3 2 0
github.com/p3rfect05/go_proj/internal/handlers/handlers.go:177.2,178.16 2 0
github.com/p3rfect05/go_proj/internal/handlers/handlers.go:178.16,181.3 2 0
github.com/p3rfect05/go_proj/internal/handlers/handlers.go:182.2,183.16 2 0
github.com/p3rfect05/go_proj/internal/handlers/handlers.go:183.16,186.3 2 0
github.com/p3rfect05/go_proj/internal/handlers/handlers.go:188.2,188.21 1 0
github.com/p3rfect05/go_proj/internal/handlers/handlers.go:188.21,192.3 3 0
github.com/p3rfect05/go_proj/internal/handlers/handlers.go:194.2,204.4 5 0
github.com/p3rfect05/go_proj/internal/handlers/handlers.go:216.79,223.16 5 0
github.com/p3rfect05/go_proj/internal/handlers/handlers.go:223.16,226.3 2 0
github.com/p3rfect05/go_proj/internal/handlers/handlers.go:228.2,229.16 2 0
github.com/p3rfect05/go_proj/internal/handlers/handlers.go:229.16,232.3 2 0
github.com/p3rfect05/go_proj/internal/handlers/handlers.go:234.2,235.16 2 0
github.com/p3rfect05/go_proj/internal/handlers/handlers.go:235.16,238.3 2 0
github.com/p3rfect05/go_proj/internal/handlers/handlers.go:240.2,241.16 2 0
github.com/p3rfect05/go_proj/internal/handlers/handlers.go:241.16,244.3 2 0
github.com/p3rfect05/go_proj/internal/handlers/handlers.go:246.2,254.16 3 0
github.com/p3rfect05/go_proj/internal/handlers/handlers.go:254.16,257.3 2 0
github.com/p3rfect05/go_proj/internal/handlers/handlers.go:259.2,260.14 2 0
github.com/p3rfect05/go_proj/internal/handlers/handlers.go:264.70,266.2 1 1
github.com/p3rfect05/go_proj/internal/handlers/handlers.go:268.81,270.9 2 0
github.com/p3rfect05/go_proj/internal/handlers/handlers.go:270.9,275.3 3 0
github.com/p3rfect05/go_proj/internal/handlers/handlers.go:277.2,288.4 9 0
github.com/p3rfect05/go_proj/internal/handlers/handlers.go:292.73,294.16 2 0
github.com/p3rfect05/go_proj/internal/handlers/handlers.go:294.16,297.3 2 0
github.com/p3rfect05/go_proj/internal/handlers/handlers.go:299.2,300.9 2 0
github.com/p3rfect05/go_proj/internal/handlers/handlers.go:300.9,304.3 3 0
github.com/p3rfect05/go_proj/internal/handlers/handlers.go:305.2,307.63 3 0
github.com/p3rfect05/go_proj/internal/handlers/handlers.go:311.71,315.16 3 0
github.com/p3rfect05/go_proj/internal/handlers/handlers.go:315.16,318.3 2 0
github.com/p3rfect05/go_proj/internal/handlers/handlers.go:320.2,326.16 6 0
github.com/p3rfect05/go_proj/internal/handlers/handlers.go:326.16,329.3 2 0
github.com/p3rfect05/go_proj/internal/handlers/handlers.go:331.2,332.16 2 0
github.com/p3rfect05/go_proj/internal/handlers/handlers.go:332.16,335.3 2 0
github.com/p3rfect05/go_proj/internal/handlers/handlers.go:337.2,338.16 2 0
github.com/p3rfect05/go_proj/internal/handlers/handlers.go:338.16,341.3 2 0
github.com/p3rfect05/go_proj/internal/handlers/handlers.go:342.2,349.63 6 0
